[0m13:33:04.537882 [debug] [MainThread]: Sending event: {'category': 'dbt', 'action': 'invocation', 'label': 'start', 'context': [<snowplow_tracker.self_describing_json.SelfDescribingJson object at 0x76a6b9f57b00>, <snowplow_tracker.self_describing_json.SelfDescribingJson object at 0x76a6b7ffaf00>, <snowplow_tracker.self_describing_json.SelfDescribingJson object at 0x76a6b7ff9df0>]}


============================== 13:33:04.540251 | 61086013-85d6-4097-9e50-4cfe90189528 ==============================
[0m13:33:04.540251 [info ] [MainThread]: Running with dbt=1.10.11
[0m13:33:04.540581 [debug] [MainThread]: running dbt with arguments {'use_experimental_parser': 'False', 'warn_error_options': 'WarnErrorOptionsV2(error=[], warn=[], silence=[])', 'log_format': 'default', 'cache_selected_only': 'False', 'indirect_selection': 'eager', 'quiet': 'False', 'no_print': 'None', 'fail_fast': 'False', 'printer_width': '80', 'version_check': 'True', 'log_cache_events': 'False', 'log_path': 'logs', 'partial_parse': 'True', 'use_colors': 'True', 'static_parser': 'True', 'empty': 'None', 'introspect': 'True', 'target_path': 'None', 'write_json': 'True', 'invocation_command': 'dbt init dbt_project', 'warn_error': 'None', 'debug': 'False', 'profiles_dir': '/home/lpop22/.dbt', 'send_anonymous_usage_stats': 'True'}
[0m13:33:04.544339 [info ] [MainThread]: Creating dbt configuration folder at /home/lpop22/.dbt
[0m13:33:04.545554 [debug] [MainThread]: Starter project path: /home/lpop22/yrp-crime-analytics/.venv/lib/python3.12/site-packages/dbt/include/starter_project
[0m13:33:04.547185 [info ] [MainThread]: 
Your new dbt project "dbt_project" was created!

For more information on how to configure the profiles.yml file,
please consult the dbt documentation here:

  https://docs.getdbt.com/docs/configure-your-profile

One more thing:

Need help? Don't hesitate to reach out to us via GitHub issues or on Slack:

  https://community.getdbt.com/

Happy modeling!

[0m13:33:04.547429 [info ] [MainThread]: Setting up your profile.
[0m13:36:34.364898 [info ] [MainThread]: Profile dbt_project written to /home/lpop22/.dbt/profiles.yml using target's profile_template.yml and your supplied values. Run 'dbt debug' to validate the connection.
[0m13:36:34.367802 [debug] [MainThread]: Resource report: {"command_name": "init", "command_success": true, "command_wall_clock_time": 210.13855, "process_in_blocks": "19112", "process_kernel_time": 0.103519, "process_mem_max_rss": "101368", "process_out_blocks": "80", "process_user_time": 0.684045}
[0m13:36:34.368133 [debug] [MainThread]: Command `dbt init` succeeded at 13:36:34.368072 after 210.14 seconds
[0m13:36:34.368368 [debug] [MainThread]: Sending event: {'category': 'dbt', 'action': 'invocation', 'label': 'end', 'context': [<snowplow_tracker.self_describing_json.SelfDescribingJson object at 0x76a6b85c25a0>, <snowplow_tracker.self_describing_json.SelfDescribingJson object at 0x76a6b73fa990>, <snowplow_tracker.self_describing_json.SelfDescribingJson object at 0x76a6b78b6cf0>]}
[0m13:36:34.368603 [debug] [MainThread]: Flushing usage events
[0m13:36:34.516379 [debug] [MainThread]: An error was encountered while trying to flush usage events
